TN:
SF:/home/rkrm-dev/Desktop/adsil_analyzer_cpp/modules/Core/include/core/Logger.hpp
FN:329,_ZN4core6Logger11getInstanceEv
FN:349,_ZN4core6Logger10setLogFileERKNSt7__cxx1112basic_stringIcSt11char_traitsIcESaIcEEE
FN:415,_ZN4core6Logger3logERKNSt7__cxx1112basic_stringIcSt11char_traitsIcESaIcEEES8_PKciSA_
FN:502,_ZN4core6LoggerD2Ev
FN:516,_ZN4core6LoggerC2Ev
FN:559,_ZNK4core6Logger10parseLevelERKNSt7__cxx1112basic_stringIcSt11char_traitsIcESaIcEEE
FN:574,_ZNK4core6Logger8getColorERKNSt7__cxx1112basic_stringIcSt11char_traitsIcESaIcEEE
FN:592,_ZNK4core6Logger12getTimestampB5cxx11Ev
FN:608,_ZNK4core6Logger11getThreadIdB5cxx11Ev
FN:618,_ZNK4core6Logger9formatLogERKNSt7__cxx1112basic_stringIcSt11char_traitsIcESaIcEEES8_S8_S8_PKciSA_b
FN:690,_ZN4core6Logger25initializeFromEnvironmentEv
FNDA:1,_ZN4core6Logger11getInstanceEv
FNDA:1,_ZNK4core6Logger11getThreadIdB5cxx11Ev
FNDA:1,_ZN4core6Logger3logERKNSt7__cxx1112basic_stringIcSt11char_traitsIcESaIcEEES8_PKciSA_
FNDA:1,_ZNK4core6Logger10parseLevelERKNSt7__cxx1112basic_stringIcSt11char_traitsIcESaIcEEE
FNDA:1,_ZN4core6LoggerC2Ev
FNDA:0,_ZN4core6Logger10setLogFileERKNSt7__cxx1112basic_stringIcSt11char_traitsIcESaIcEEE
FNDA:1,_ZNK4core6Logger8getColorERKNSt7__cxx1112basic_stringIcSt11char_traitsIcESaIcEEE
FNDA:1,_ZNK4core6Logger12getTimestampB5cxx11Ev
FNDA:1,_ZN4core6LoggerD2Ev
FNDA:1,_ZN4core6Logger25initializeFromEnvironmentEv
FNDA:1,_ZNK4core6Logger9formatLogERKNSt7__cxx1112basic_stringIcSt11char_traitsIcESaIcEEES8_S8_S8_PKciSA_b
FNF:11
FNH:10
BRDA:331,0,0,1
BRDA:331,0,1,0
BRDA:331,0,2,1
BRDA:331,0,3,0
BRDA:331,0,4,1
BRDA:331,0,5,0
BRDA:331,0,6,0
BRDA:331,0,7,0
BRDA:351,0,0,-
BRDA:351,0,1,-
BRDA:352,0,0,-
BRDA:352,0,1,-
BRDA:352,0,2,-
BRDA:352,0,3,-
BRDA:353,0,0,-
BRDA:353,0,1,-
BRDA:355,0,0,-
BRDA:355,0,1,-
BRDA:356,0,0,-
BRDA:356,0,1,-
BRDA:357,0,0,-
BRDA:357,0,1,-
BRDA:357,0,2,-
BRDA:357,0,3,-
BRDA:361,0,0,-
BRDA:361,0,1,-
BRDA:361,0,2,-
BRDA:361,0,3,-
BRDA:361,0,4,-
BRDA:361,0,5,-
BRDA:361,0,6,-
BRDA:361,0,7,-
BRDA:418,0,0,1
BRDA:418,0,1,0
BRDA:419,0,0,0
BRDA:419,0,1,1
BRDA:422,0,0,1
BRDA:422,0,1,0
BRDA:423,0,0,1
BRDA:423,0,1,0
BRDA:424,0,0,1
BRDA:424,0,1,0
BRDA:426,0,0,0
BRDA:426,0,1,1
BRDA:429,0,0,-
BRDA:429,0,1,-
BRDA:431,0,0,-
BRDA:431,0,1,-
BRDA:433,0,0,-
BRDA:433,0,1,-
BRDA:435,0,0,-
BRDA:435,0,1,-
BRDA:438,0,0,-
BRDA:438,0,1,-
BRDA:439,0,0,-
BRDA:439,0,1,-
BRDA:441,0,0,1
BRDA:441,0,1,0
BRDA:441,0,2,0
BRDA:441,0,3,1
BRDA:441,0,4,0
BRDA:441,0,5,0
BRDA:441,0,6,0
BRDA:441,0,7,1
BRDA:444,0,0,-
BRDA:444,0,1,-
BRDA:445,0,0,-
BRDA:445,0,1,-
BRDA:445,0,2,-
BRDA:445,0,3,-
BRDA:447,0,0,-
BRDA:447,0,1,-
BRDA:447,0,2,-
BRDA:447,0,3,-
BRDA:450,0,0,-
BRDA:450,0,1,-
BRDA:450,0,2,-
BRDA:450,0,3,-
BRDA:452,0,0,-
BRDA:452,0,1,-
BRDA:453,0,0,-
BRDA:453,0,1,-
BRDA:453,0,2,-
BRDA:453,0,3,-
BRDA:459,0,0,1
BRDA:459,0,1,0
BRDA:460,0,0,1
BRDA:460,0,1,0
BRDA:460,0,2,1
BRDA:460,0,3,0
BRDA:504,0,0,0
BRDA:504,0,1,1
BRDA:516,0,0,1
BRDA:516,0,1,0
BRDA:518,0,0,1
BRDA:518,0,1,0
BRDA:520,0,0,1
BRDA:520,0,1,0
BRDA:561,0,0,0
BRDA:561,0,1,1
BRDA:563,0,0,0
BRDA:563,0,1,1
BRDA:565,0,0,1
BRDA:565,0,1,0
BRDA:567,0,0,-
BRDA:567,0,1,-
BRDA:569,0,0,-
BRDA:569,0,1,-
BRDA:576,0,0,0
BRDA:576,0,1,1
BRDA:579,0,0,1
BRDA:579,0,1,0
BRDA:581,0,0,-
BRDA:581,0,1,-
BRDA:583,0,0,-
BRDA:583,0,1,-
BRDA:585,0,0,-
BRDA:585,0,1,-
BRDA:587,0,0,-
BRDA:587,0,1,-
BRDA:596,0,0,1
BRDA:596,0,1,0
BRDA:596,0,2,1
BRDA:596,0,3,0
BRDA:605,0,0,1
BRDA:605,0,1,0
BRDA:615,0,0,1
BRDA:615,0,1,0
BRDA:624,0,0,1
BRDA:624,0,1,0
BRDA:627,0,0,1
BRDA:627,0,1,0
BRDA:628,0,0,1
BRDA:628,0,1,0
BRDA:629,0,0,1
BRDA:629,0,1,0
BRDA:630,0,0,1
BRDA:630,0,1,0
BRDA:631,0,0,1
BRDA:631,0,1,0
BRDA:632,0,0,1
BRDA:632,0,1,0
BRDA:633,0,0,1
BRDA:633,0,1,0
BRDA:634,0,0,1
BRDA:634,0,1,0
BRDA:637,0,0,0
BRDA:637,0,1,1
BRDA:639,0,0,-
BRDA:639,0,1,-
BRDA:640,0,0,-
BRDA:640,0,1,-
BRDA:641,0,0,-
BRDA:641,0,1,-
BRDA:645,0,0,1
BRDA:645,0,1,0
BRDA:646,0,0,1
BRDA:646,0,1,0
BRDA:646,0,2,1
BRDA:646,0,3,0
BRDA:647,0,0,1
BRDA:647,0,1,0
BRDA:650,0,0,1
BRDA:650,0,1,0
BRDA:652,0,0,1
BRDA:652,0,1,0
BRDA:653,0,0,1
BRDA:653,0,1,0
BRDA:653,0,2,1
BRDA:653,0,3,0
BRDA:657,0,0,-
BRDA:657,0,1,-
BRDA:657,0,2,-
BRDA:657,0,3,-
BRDA:660,0,0,1
BRDA:660,0,1,0
BRDA:661,0,0,1
BRDA:661,0,1,0
BRDA:662,0,0,1
BRDA:662,0,1,0
BRDA:663,0,0,1
BRDA:663,0,1,0
BRDA:666,0,0,0
BRDA:666,0,1,1
BRDA:666,0,2,0
BRDA:666,0,3,0
BRDA:668,0,0,-
BRDA:668,0,1,-
BRDA:669,0,0,-
BRDA:669,0,1,-
BRDA:670,0,0,-
BRDA:670,0,1,-
BRDA:670,0,2,-
BRDA:670,0,3,-
BRDA:671,0,0,-
BRDA:671,0,1,-
BRDA:672,0,0,-
BRDA:672,0,1,-
BRDA:673,0,0,-
BRDA:673,0,1,-
BRDA:677,0,0,0
BRDA:677,0,1,1
BRDA:679,0,0,-
BRDA:679,0,1,-
BRDA:679,0,2,-
BRDA:679,0,3,-
BRDA:680,0,0,-
BRDA:680,0,1,-
BRDA:684,0,0,1
BRDA:684,0,1,0
BRDA:694,0,0,0
BRDA:694,0,1,1
BRDA:696,0,0,-
BRDA:696,0,1,-
BRDA:696,0,2,-
BRDA:696,0,3,-
BRDA:697,0,0,-
BRDA:697,0,1,-
BRDA:703,0,0,0
BRDA:703,0,1,1
BRDA:705,0,0,-
BRDA:705,0,1,-
BRDA:705,0,2,-
BRDA:705,0,3,-
BRDA:710,0,0,0
BRDA:710,0,1,1
BRDA:712,0,0,-
BRDA:712,0,1,-
BRDA:713,0,0,-
BRDA:713,0,1,-
BRDA:713,0,2,-
BRDA:713,0,3,-
BRDA:713,0,4,-
BRDA:713,0,5,-
BRDA:718,0,0,0
BRDA:718,0,1,1
BRDA:720,0,0,-
BRDA:720,0,1,-
BRDA:721,0,0,-
BRDA:721,0,1,-
BRDA:721,0,2,-
BRDA:721,0,3,-
BRDA:721,0,4,-
BRDA:721,0,5,-
BRDA:726,0,0,0
BRDA:726,0,1,1
BRDA:728,0,0,-
BRDA:728,0,1,-
BRDA:729,0,0,-
BRDA:729,0,1,-
BRDA:729,0,2,-
BRDA:729,0,3,-
BRDA:729,0,4,-
BRDA:729,0,5,-
BRF:254
BRH:58
DA:329,1
DA:331,1
DA:332,1
DA:349,0
DA:351,0
DA:352,0
DA:353,0
DA:355,0
DA:356,0
DA:357,0
DA:361,0
DA:362,0
DA:363,0
DA:367,0
DA:369,0
DA:371,0
DA:415,1
DA:418,1
DA:419,1
DA:420,0
DA:422,1
DA:423,1
DA:424,1
DA:426,1
DA:428,0
DA:429,0
DA:430,0
DA:431,0
DA:432,0
DA:433,0
DA:434,0
DA:435,0
DA:436,0
DA:438,0
DA:439,0
DA:440,0
DA:441,1
DA:444,0
DA:445,0
DA:447,0
DA:449,0
DA:450,0
DA:452,0
DA:453,0
DA:454,0
DA:455,0
DA:459,1
DA:460,1
DA:461,1
DA:462,1
DA:502,1
DA:504,1
DA:505,0
DA:506,1
DA:516,1
DA:517,1
DA:518,1
DA:520,1
DA:521,1
DA:559,1
DA:561,1
DA:562,0
DA:563,1
DA:564,0
DA:565,1
DA:566,1
DA:567,0
DA:568,0
DA:569,0
DA:570,0
DA:571,0
DA:574,1
DA:576,1
DA:577,0
DA:579,1
DA:580,1
DA:581,0
DA:582,0
DA:583,0
DA:584,0
DA:585,0
DA:586,0
DA:587,0
DA:588,0
DA:589,0
DA:592,1
DA:594,1
DA:595,1
DA:596,1
DA:600,1
DA:604,1
DA:605,1
DA:608,1
DA:612,1
DA:614,1
DA:615,1
DA:618,1
DA:623,1
DA:624,1
DA:627,1
DA:628,1
DA:629,1
DA:630,1
DA:631,1
DA:632,1
DA:633,1
DA:634,1
DA:637,1
DA:639,0
DA:640,0
DA:641,0
DA:645,1
DA:646,1
DA:647,1
DA:650,1
DA:652,1
DA:653,1
DA:657,0
DA:660,1
DA:661,1
DA:662,1
DA:663,1
DA:666,1
DA:668,0
DA:669,0
DA:670,0
DA:671,0
DA:672,0
DA:673,0
DA:677,1
DA:679,0
DA:680,0
DA:684,1
DA:687,1
DA:688,0
DA:690,1
DA:693,1
DA:694,1
DA:696,0
DA:697,0
DA:698,0
DA:702,1
DA:703,1
DA:705,0
DA:709,1
DA:710,1
DA:712,0
DA:713,0
DA:714,0
DA:717,1
DA:718,1
DA:720,0
DA:721,0
DA:722,0
DA:725,1
DA:726,1
DA:728,0
DA:729,0
DA:730,0
DA:731,1
LF:160
LH:81
end_of_record
TN:
SF:/home/rkrm-dev/Desktop/adsil_analyzer_cpp/modules/Math/include/math/MathHelper.hpp
FN:13,_ZN4math6helper18intersectLinePlaneERKNS_5PointERKNS_6VectorES3_S6_
FN:38,_ZN4math6helper19isPointInConvexQuadERKNS_5PointES3_S3_S3_S3_
FN:44,_ZZN4math6helper19isPointInConvexQuadERKNS_5PointES3_S3_S3_S3_ENKUlS3_S3_E_clES3_S3_
FNDA:4,_ZN4math6helper18intersectLinePlaneERKNS_5PointERKNS_6VectorES3_S6_
FNDA:4,_ZN4math6helper19isPointInConvexQuadERKNS_5PointES3_S3_S3_S3_
FNDA:16,_ZZN4math6helper19isPointInConvexQuadERKNS_5PointES3_S3_S3_S3_ENKUlS3_S3_E_clES3_S3_
FNF:3
FNH:3
BRDA:21,0,0,4
BRDA:21,0,1,0
BRDA:22,0,0,4
BRDA:22,0,1,0
BRDA:24,0,0,1
BRDA:24,0,1,3
BRDA:27,0,0,1
BRDA:27,0,1,0
BRDA:27,0,2,1
BRDA:27,0,3,0
BRDA:27,0,4,1
BRDA:27,0,5,0
BRDA:27,0,6,1
BRDA:27,0,7,0
BRDA:31,0,0,3
BRDA:31,0,1,0
BRDA:32,0,0,3
BRDA:32,0,1,0
BRDA:33,0,0,3
BRDA:33,0,1,0
BRDA:33,0,2,3
BRDA:33,0,3,0
BRDA:42,0,0,4
BRDA:42,0,1,0
BRDA:42,0,2,4
BRDA:42,0,3,0
BRDA:42,0,4,4
BRDA:42,0,5,0
BRDA:46,0,0,16
BRDA:46,0,1,0
BRDA:47,0,0,16
BRDA:47,0,1,0
BRDA:48,0,0,16
BRDA:48,0,1,0
BRDA:48,0,2,16
BRDA:48,0,3,0
BRDA:51,0,0,4
BRDA:51,0,1,0
BRDA:52,0,0,4
BRDA:52,0,1,0
BRDA:53,0,0,4
BRDA:53,0,1,0
BRDA:54,0,0,4
BRDA:54,0,1,0
BRDA:56,0,0,4
BRDA:56,0,1,0
BRDA:56,0,2,2
BRDA:56,0,3,2
BRDA:56,0,4,2
BRDA:56,0,5,0
BRDA:56,0,6,2
BRDA:56,0,7,0
BRDA:57,0,0,0
BRDA:57,0,1,4
BRDA:57,0,2,0
BRDA:57,0,3,0
BRDA:57,0,4,0
BRDA:57,0,5,0
BRDA:57,0,6,0
BRDA:57,0,7,0
BRDA:58,0,0,2
BRDA:58,0,1,2
BRDA:58,0,2,0
BRDA:58,0,3,2
BRF:64
BRH:32
DA:13,4
DA:19,4
DA:21,4
DA:22,4
DA:24,4
DA:27,1
DA:28,1
DA:31,3
DA:32,3
DA:33,3
DA:35,3
DA:36,4
DA:38,4
DA:42,8
DA:44,16
DA:46,16
DA:47,16
DA:48,32
DA:49,16
DA:51,4
DA:52,4
DA:53,4
DA:54,4
DA:56,4
DA:57,4
DA:58,8
DA:59,4
LF:27
LH:27
end_of_record
TN:
SF:/home/rkrm-dev/Desktop/adsil_analyzer_cpp/modules/Math/include/math/Point.hpp
FN:23,_ZNK4math5Point1xEv
FN:24,_ZNK4math5Point1yEv
FN:25,_ZNK4math5Point1zEv
FN:30,_ZNK4math5Point9toGlmVec3Ev
FNDA:58,_ZNK4math5Point1zEv
FNDA:58,_ZNK4math5Point1yEv
FNDA:1,_ZNK4math5Point9toGlmVec3Ev
FNDA:58,_ZNK4math5Point1xEv
FNF:4
FNH:4
DA:23,58
DA:24,58
DA:25,58
DA:30,1
DA:32,1
LF:5
LH:5
end_of_record
TN:
SF:/home/rkrm-dev/Desktop/adsil_analyzer_cpp/modules/Math/include/math/Vector.hpp
FN:25,_ZNK4math6Vector1xEv
FN:26,_ZNK4math6Vector1yEv
FN:27,_ZNK4math6Vector1zEv
FN:42,_ZNK4math6Vector9toGlmVec3Ev
FN:46,_ZNK4math6Vector9toGlmQuatEv
FN:70,_ZN4math6Vector11fromGlmQuatERKN3glm3quaIfLNS1_9qualifierE0EEE
FNDA:0,_ZN4math6Vector11fromGlmQuatERKN3glm3quaIfLNS1_9qualifierE0EEE
FNDA:20,_ZNK4math6Vector1yEv
FNDA:0,_ZNK4math6Vector9toGlmQuatEv
FNDA:20,_ZNK4math6Vector1zEv
FNDA:1,_ZNK4math6Vector9toGlmVec3Ev
FNDA:20,_ZNK4math6Vector1xEv
FNF:6
FNH:4
BRDA:50,0,0,-
BRDA:50,0,1,-
BRDA:72,0,0,-
BRDA:72,0,1,-
BRDA:74,0,0,-
BRDA:74,0,1,-
BRDA:75,0,0,-
BRDA:75,0,1,-
BRDA:76,0,0,-
BRDA:76,0,1,-
BRF:10
BRH:0
DA:25,20
DA:26,20
DA:27,20
DA:42,1
DA:44,1
DA:46,0
DA:50,0
DA:70,0
DA:72,0
DA:74,0
DA:75,0
DA:76,0
DA:77,0
LF:13
LH:5
end_of_record
TN:
SF:/home/rkrm-dev/Desktop/adsil_analyzer_cpp/modules/Math/src/Point.cpp
FN:6,_ZN4math5PointC2Ev
FN:9,_ZN4math5PointD2Ev
FN:13,_ZN4math5PointC2Efff
FN:16,_ZNK4math5Point10distanceToERKS0_
FN:24,_ZNK4math5Point12toVectorFromERKS0_
FN:29,_ZNK4math5Point8toStringB5cxx11Ev
FN:36,_ZNK4math5PointplERKNS_6VectorE
FN:41,_ZNK4math5PointmiERKNS_6VectorE
FN:46,_ZNK4math5PointplERKS0_
FN:51,_ZNK4math5PointmiERKS0_
FNDA:1,_ZN4math5PointC2Ev
FNDA:5,_ZNK4math5PointplERKNS_6VectorE
FNDA:59,_ZN4math5PointD2Ev
FNDA:46,_ZNK4math5Point12toVectorFromERKS0_
FNDA:1,_ZNK4math5PointplERKS0_
FNDA:1,_ZNK4math5PointmiERKNS_6VectorE
FNDA:4,_ZNK4math5Point10distanceToERKS0_
FNDA:52,_ZN4math5PointC2Efff
FNDA:1,_ZNK4math5Point8toStringB5cxx11Ev
FNDA:1,_ZNK4math5PointmiERKS0_
FNF:10
FNH:10
BRDA:31,0,0,1
BRDA:31,0,1,0
BRDA:32,0,0,1
BRDA:32,0,1,0
BRDA:32,0,2,1
BRDA:32,0,3,0
BRDA:32,0,4,1
BRDA:32,0,5,0
BRDA:32,0,6,1
BRDA:32,0,7,0
BRDA:32,0,8,1
BRDA:32,0,9,0
BRDA:32,0,10,1
BRDA:32,0,11,0
BRDA:32,0,12,1
BRDA:32,0,13,0
BRDA:33,0,0,1
BRDA:33,0,1,0
BRF:18
BRH:9
DA:6,1
DA:7,1
DA:9,59
DA:11,59
DA:13,52
DA:14,52
DA:16,4
DA:18,4
DA:19,4
DA:20,4
DA:21,4
DA:24,46
DA:26,46
DA:29,1
DA:31,1
DA:32,1
DA:33,2
DA:34,1
DA:36,5
DA:38,5
DA:41,1
DA:43,1
DA:46,1
DA:48,1
DA:51,1
DA:53,1
LF:26
LH:26
end_of_record
TN:
SF:/home/rkrm-dev/Desktop/adsil_analyzer_cpp/modules/Math/src/Vector.cpp
FN:6,_ZN4math6VectorC2Ev
FN:9,_ZN4math6VectorC2Efff
FN:12,_ZN4math6VectorD2Ev
FN:16,_ZNK4math6Vector10normalizedEv
FN:26,_ZNK4math6Vector9magnitudeEv
FN:31,_ZNK4math6Vector3dotERKS0_
FN:36,_ZNK4math6Vector5crossERKS0_
FN:44,_ZNK4math6Vector11rotatePointERKNS_5PointE
FN:54,_ZN4math6VectorpLERKS0_
FN:62,_ZN4math6VectormIERKS0_
FN:70,_ZNK4math6VectorplERKS0_
FN:75,_ZNK4math6VectormiERKS0_
FN:80,_ZNK4math6VectormlEf
FN:85,_ZNK4math6VectormlERKS0_
FN:93,_ZNK4math6Vector8toStringB5cxx11Ev
FNDA:0,_ZNK4math6Vector11rotatePointERKNS_5PointE
FNDA:0,_ZNK4math6VectormlERKS0_
FNDA:1,_ZNK4math6VectormiERKS0_
FNDA:1,_ZN4math6VectormIERKS0_
FNDA:109,_ZN4math6VectorD2Ev
FNDA:4,_ZNK4math6VectormlEf
FNDA:106,_ZN4math6VectorC2Efff
FNDA:6,_ZNK4math6Vector10normalizedEv
FNDA:25,_ZNK4math6Vector3dotERKS0_
FNDA:5,_ZNK4math6Vector9magnitudeEv
FNDA:1,_ZN4math6VectorpLERKS0_
FNDA:1,_ZN4math6VectorC2Ev
FNDA:1,_ZNK4math6VectorplERKS0_
FNDA:1,_ZNK4math6Vector8toStringB5cxx11Ev
FNDA:22,_ZNK4math6Vector5crossERKS0_
FNF:15
FNH:13
BRDA:19,0,0,1
BRDA:19,0,1,5
BRDA:46,0,0,-
BRDA:46,0,1,-
BRDA:47,0,0,-
BRDA:47,0,1,-
BRDA:49,0,0,-
BRDA:49,0,1,-
BRDA:51,0,0,-
BRDA:51,0,1,-
BRDA:87,0,0,-
BRDA:87,0,1,-
BRDA:88,0,0,-
BRDA:88,0,1,-
BRDA:89,0,0,-
BRDA:89,0,1,-
BRDA:90,0,0,-
BRDA:90,0,1,-
BRDA:95,0,0,1
BRDA:95,0,1,0
BRDA:96,0,0,1
BRDA:96,0,1,0
BRDA:96,0,2,1
BRDA:96,0,3,0
BRDA:96,0,4,1
BRDA:96,0,5,0
BRDA:96,0,6,1
BRDA:96,0,7,0
BRDA:96,0,8,1
BRDA:96,0,9,0
BRDA:96,0,10,1
BRDA:96,0,11,0
BRDA:96,0,12,1
BRDA:96,0,13,0
BRDA:97,0,0,1
BRDA:97,0,1,0
BRF:36
BRH:11
DA:6,1
DA:7,1
DA:9,106
DA:10,106
DA:12,109
DA:14,109
DA:16,6
DA:18,6
DA:19,6
DA:21,1
DA:23,5
DA:26,5
DA:28,5
DA:31,25
DA:33,25
DA:36,22
DA:39,22
DA:40,22
DA:41,22
DA:44,0
DA:46,0
DA:47,0
DA:49,0
DA:51,0
DA:54,1
DA:56,1
DA:57,1
DA:58,1
DA:59,1
DA:62,1
DA:64,1
DA:65,1
DA:66,1
DA:67,1
DA:70,1
DA:72,1
DA:75,1
DA:77,1
DA:80,4
DA:82,4
DA:85,0
DA:87,0
DA:88,0
DA:89,0
DA:90,0
DA:93,1
DA:95,1
DA:96,1
DA:97,2
DA:98,1
LF:50
LH:40
end_of_record
